#-----------------------------------------------------------
# Vivado v2019.1 (64-bit)
# SW Build 2552052 on Fri May 24 14:49:42 MDT 2019
# IP Build 2548770 on Fri May 24 18:01:18 MDT 2019
# Start of session at: Tue Jan 21 15:38:24 2020
# Process ID: 3304
# Current directory: C:/Users/elena/OneDrive/Escritorio/LAVADORAv4/project_2
# Command line: vivado.exe -gui_launcher_event rodinguilauncherevent1612 C:\Users\elena\OneDrive\Escritorio\LAVADORAv4\project_2\project_2.xpr
# Log file: C:/Users/elena/OneDrive/Escritorio/LAVADORAv4/project_2/vivado.log
# Journal file: C:/Users/elena/OneDrive/Escritorio/LAVADORAv4/project_2\vivado.jou
#-----------------------------------------------------------
start_gui
open_project C:/Users/elena/OneDrive/Escritorio/LAVADORAv4/project_2/project_2.xpr
Scanning sources...
Finished scanning sources
INFO: [IP_Flow 19-234] Refreshing IP repositories
INFO: [IP_Flow 19-1704] No user IP repositories specified
INFO: [IP_Flow 19-2313] Loaded Vivado IP repository 'C:/Xilinx/Vivado/2019.1/data/ip'.
open_project: Time (s): cpu = 00:00:22 ; elapsed = 00:00:09 . Memory (MB): peak = 704.426 ; gain = 70.516
exit
INFO: [Common 17-206] Exiting Vivado at Tue Jan 21 16:25:24 2020...
